<?xml version="1.0" encoding="UTF-8"?>
<robot generator="Robot 3.0.4 (Python 3.6.4 on win32)" generated="20181119 22:32:24.452">
<suite id="s1" name="Amazon test" source="D:\Martin\eclipse-workspace\Amazon_test">
<suite id="s1-s1" name="Amazon basic" source="D:\Martin\eclipse-workspace\Amazon_test\Amazon_basic.robot">
<kw name="Open Browser" library="SeleniumLibrary" type="setup">
<doc>Opens a new browser instance to the given ``url``.</doc>
<arguments>
<arg>https://www.amazon.ca/ap/signin?_encoding=UTF8&amp;ignoreAuthState=1&amp;openid.assoc_handle=caflex&amp;openid.claimed_id=http%3A%2F%2Fspecs.openid.net%2Fauth%2F2.0%2Fidentifier_select&amp;openid.identity=http%3A%2F%2Fspecs.openid.net%2Fauth%2F2.0%2Fidentifier_select&amp;openid.mode=checkid_setup&amp;openid.ns=http%3A%2F%2Fspecs.openid.net%2Fauth%2F2.0&amp;openid.ns.pape=http%3A%2F%2Fspecs.openid.net%2Fextensions%2Fpape%2F1.0&amp;openid.pape.max_auth_age=0&amp;openid.return_to=https%3A%2F%2Fwww.amazon.ca%2F%3Fref_%3Dnav_custrec_signin&amp;switch_account=</arg>
<arg>Chrome</arg>
</arguments>
<msg timestamp="20181119 22:32:24.837" level="INFO">Opening browser 'Chrome' to base url 'https://www.amazon.ca/ap/signin?_encoding=UTF8&amp;ignoreAuthState=1&amp;openid.assoc_handle=caflex&amp;openid.claimed_id=http%3A%2F%2Fspecs.openid.net%2Fauth%2F2.0%2Fidentifier_select&amp;openid.identity=http%3A%2F%2Fspecs.openid.net%2Fauth%2F2.0%2Fidentifier_select&amp;openid.mode=checkid_setup&amp;openid.ns=http%3A%2F%2Fspecs.openid.net%2Fauth%2F2.0&amp;openid.ns.pape=http%3A%2F%2Fspecs.openid.net%2Fextensions%2Fpape%2F1.0&amp;openid.pape.max_auth_age=0&amp;openid.return_to=https%3A%2F%2Fwww.amazon.ca%2F%3Fref_%3Dnav_custrec_signin&amp;switch_account='.</msg>
<status status="PASS" starttime="20181119 22:32:24.836" endtime="20181119 22:32:29.837"></status>
</kw>
<test id="s1-s1-t1" name="Test Case">
<kw name="Wait Until Page Contains Element" library="SeleniumLibrary">
<doc>Waits until element ``locator`` appears on current page.</doc>
<arguments>
<arg>id=ap_email</arg>
</arguments>
<status status="PASS" starttime="20181119 22:32:29.840" endtime="20181119 22:32:29.955"></status>
</kw>
<kw name="Input Text" library="SeleniumLibrary">
<doc>Types the given ``text`` into text field identified by ``locator``.</doc>
<arguments>
<arg>id=ap_email</arg>
<arg>maccam6@gmail.com</arg>
</arguments>
<msg timestamp="20181119 22:32:29.957" level="INFO">Typing text 'maccam6@gmail.com' into text field 'id=ap_email'.</msg>
<status status="PASS" starttime="20181119 22:32:29.956" endtime="20181119 22:32:30.258"></status>
</kw>
<kw name="Input Password" library="SeleniumLibrary">
<doc>Types the given password into text field identified by ``locator``.</doc>
<arguments>
<arg>id=ap_password</arg>
<arg>18,Mac&amp;Amo</arg>
</arguments>
<msg timestamp="20181119 22:32:30.260" level="INFO">Typing password into text field 'id=ap_password'.</msg>
<status status="PASS" starttime="20181119 22:32:30.259" endtime="20181119 22:32:30.516"></status>
</kw>
<kw name="Click Button" library="SeleniumLibrary">
<doc>Clicks button identified by ``locator``.</doc>
<arguments>
<arg>id=signInSubmit</arg>
</arguments>
<msg timestamp="20181119 22:32:30.516" level="INFO">Clicking button 'id=signInSubmit'.</msg>
<status status="PASS" starttime="20181119 22:32:30.516" endtime="20181119 22:32:35.570"></status>
</kw>
<kw name="Element Text Should Be" library="SeleniumLibrary">
<doc>Verifies that element ``locator`` contains exact text ``expected``.</doc>
<arguments>
<arg>//span[contains(text(),'Bonjour, Martin')]</arg>
<arg>Bonjour, Martin</arg>
</arguments>
<msg timestamp="20181119 22:32:35.573" level="INFO">Verifying element '//span[contains(text(),'Bonjour, Martin')]' contains exact text 'Bonjour, Martin'.</msg>
<status status="PASS" starttime="20181119 22:32:35.571" endtime="20181119 22:32:36.312"></status>
</kw>
<kw name="check compte page">
<arguments>
<arg>Votre compte</arg>
<arg>Votre compte</arg>
</arguments>
<kw name="Mouse Over" library="SeleniumLibrary">
<doc>Simulates hovering mouse over the element ``locator``.</doc>
<arguments>
<arg>xpath=//a[@id='nav-link-yourAccount']//span[@class='nav-icon nav-arrow']</arg>
</arguments>
<msg timestamp="20181119 22:32:36.314" level="INFO">Simulating Mouse Over on element 'xpath=//a[@id='nav-link-yourAccount']//span[@class='nav-icon nav-arrow']'.</msg>
<status status="PASS" starttime="20181119 22:32:36.314" endtime="20181119 22:32:36.427"></status>
</kw>
<kw name="Sleep" library="BuiltIn">
<doc>Pauses the test executed for the given time.</doc>
<arguments>
<arg>1s</arg>
</arguments>
<msg timestamp="20181119 22:32:37.430" level="INFO">Slept 1 second</msg>
<status status="PASS" starttime="20181119 22:32:36.428" endtime="20181119 22:32:37.430"></status>
</kw>
<kw name="Click Element" library="SeleniumLibrary">
<doc>Click element identified by ``locator``.</doc>
<arguments>
<arg>xpath=//span[@class='nav-text'][contains(text(),'${element}')]</arg>
</arguments>
<msg timestamp="20181119 22:32:37.432" level="INFO">Clicking element 'xpath=//span[@class='nav-text'][contains(text(),'Votre compte')]'.</msg>
<status status="PASS" starttime="20181119 22:32:37.431" endtime="20181119 22:32:38.260"></status>
</kw>
<kw name="Title Should Be" library="SeleniumLibrary">
<doc>Verifies that current page title equals ``title``.</doc>
<arguments>
<arg>${title_text}</arg>
</arguments>
<msg timestamp="20181119 22:32:38.498" level="INFO">Page title is 'Votre compte'.</msg>
<status status="PASS" starttime="20181119 22:32:38.261" endtime="20181119 22:32:38.498"></status>
</kw>
<status status="PASS" starttime="20181119 22:32:36.313" endtime="20181119 22:32:38.499"></status>
</kw>
<kw name="check compte page">
<arguments>
<arg>Vos commandes</arg>
<arg>Vos commandes</arg>
</arguments>
<kw name="Mouse Over" library="SeleniumLibrary">
<doc>Simulates hovering mouse over the element ``locator``.</doc>
<arguments>
<arg>xpath=//a[@id='nav-link-yourAccount']//span[@class='nav-icon nav-arrow']</arg>
</arguments>
<msg timestamp="20181119 22:32:38.501" level="INFO">Simulating Mouse Over on element 'xpath=//a[@id='nav-link-yourAccount']//span[@class='nav-icon nav-arrow']'.</msg>
<status status="PASS" starttime="20181119 22:32:38.501" endtime="20181119 22:32:38.711"></status>
</kw>
<kw name="Sleep" library="BuiltIn">
<doc>Pauses the test executed for the given time.</doc>
<arguments>
<arg>1s</arg>
</arguments>
<msg timestamp="20181119 22:32:39.713" level="INFO">Slept 1 second</msg>
<status status="PASS" starttime="20181119 22:32:38.712" endtime="20181119 22:32:39.713"></status>
</kw>
<kw name="Click Element" library="SeleniumLibrary">
<doc>Click element identified by ``locator``.</doc>
<arguments>
<arg>xpath=//span[@class='nav-text'][contains(text(),'${element}')]</arg>
</arguments>
<msg timestamp="20181119 22:32:39.715" level="INFO">Clicking element 'xpath=//span[@class='nav-text'][contains(text(),'Vos commandes')]'.</msg>
<status status="PASS" starttime="20181119 22:32:39.714" endtime="20181119 22:32:41.348"></status>
</kw>
<kw name="Title Should Be" library="SeleniumLibrary">
<doc>Verifies that current page title equals ``title``.</doc>
<arguments>
<arg>${title_text}</arg>
</arguments>
<msg timestamp="20181119 22:32:41.514" level="INFO">Page title is 'Vos commandes'.</msg>
<status status="PASS" starttime="20181119 22:32:41.349" endtime="20181119 22:32:41.515"></status>
</kw>
<status status="PASS" starttime="20181119 22:32:38.500" endtime="20181119 22:32:41.516"></status>
</kw>
<kw name="check compte page">
<arguments>
<arg>Votre liste de souhaits</arg>
<arg>Amazon.ca</arg>
</arguments>
<kw name="Mouse Over" library="SeleniumLibrary">
<doc>Simulates hovering mouse over the element ``locator``.</doc>
<arguments>
<arg>xpath=//a[@id='nav-link-yourAccount']//span[@class='nav-icon nav-arrow']</arg>
</arguments>
<msg timestamp="20181119 22:32:41.518" level="INFO">Simulating Mouse Over on element 'xpath=//a[@id='nav-link-yourAccount']//span[@class='nav-icon nav-arrow']'.</msg>
<status status="PASS" starttime="20181119 22:32:41.517" endtime="20181119 22:32:41.848"></status>
</kw>
<kw name="Sleep" library="BuiltIn">
<doc>Pauses the test executed for the given time.</doc>
<arguments>
<arg>1s</arg>
</arguments>
<msg timestamp="20181119 22:32:42.851" level="INFO">Slept 1 second</msg>
<status status="PASS" starttime="20181119 22:32:41.849" endtime="20181119 22:32:42.851"></status>
</kw>
<kw name="Click Element" library="SeleniumLibrary">
<doc>Click element identified by ``locator``.</doc>
<arguments>
<arg>xpath=//span[@class='nav-text'][contains(text(),'${element}')]</arg>
</arguments>
<msg timestamp="20181119 22:32:42.853" level="INFO">Clicking element 'xpath=//span[@class='nav-text'][contains(text(),'Votre liste de souhaits')]'.</msg>
<status status="PASS" starttime="20181119 22:32:42.852" endtime="20181119 22:32:45.141"></status>
</kw>
<kw name="Title Should Be" library="SeleniumLibrary">
<doc>Verifies that current page title equals ``title``.</doc>
<arguments>
<arg>${title_text}</arg>
</arguments>
<msg timestamp="20181119 22:32:45.205" level="INFO">Page title is 'Amazon.ca'.</msg>
<status status="PASS" starttime="20181119 22:32:45.142" endtime="20181119 22:32:45.205"></status>
</kw>
<status status="PASS" starttime="20181119 22:32:41.516" endtime="20181119 22:32:45.206"></status>
</kw>
<kw name="check compte page">
<arguments>
<arg>Vos recommandations</arg>
<arg>Votre Amazon.ca</arg>
</arguments>
<kw name="Mouse Over" library="SeleniumLibrary">
<doc>Simulates hovering mouse over the element ``locator``.</doc>
<arguments>
<arg>xpath=//a[@id='nav-link-yourAccount']//span[@class='nav-icon nav-arrow']</arg>
</arguments>
<msg timestamp="20181119 22:32:45.208" level="INFO">Simulating Mouse Over on element 'xpath=//a[@id='nav-link-yourAccount']//span[@class='nav-icon nav-arrow']'.</msg>
<status status="PASS" starttime="20181119 22:32:45.207" endtime="20181119 22:32:45.306"></status>
</kw>
<kw name="Sleep" library="BuiltIn">
<doc>Pauses the test executed for the given time.</doc>
<arguments>
<arg>1s</arg>
</arguments>
<msg timestamp="20181119 22:32:46.308" level="INFO">Slept 1 second</msg>
<status status="PASS" starttime="20181119 22:32:45.307" endtime="20181119 22:32:46.309"></status>
</kw>
<kw name="Click Element" library="SeleniumLibrary">
<doc>Click element identified by ``locator``.</doc>
<arguments>
<arg>xpath=//span[@class='nav-text'][contains(text(),'${element}')]</arg>
</arguments>
<msg timestamp="20181119 22:32:46.312" level="INFO">Clicking element 'xpath=//span[@class='nav-text'][contains(text(),'Vos recommandations')]'.</msg>
<status status="PASS" starttime="20181119 22:32:46.310" endtime="20181119 22:32:48.075"></status>
</kw>
<kw name="Title Should Be" library="SeleniumLibrary">
<doc>Verifies that current page title equals ``title``.</doc>
<arguments>
<arg>${title_text}</arg>
</arguments>
<msg timestamp="20181119 22:32:48.085" level="INFO">Page title is 'Votre Amazon.ca'.</msg>
<status status="PASS" starttime="20181119 22:32:48.076" endtime="20181119 22:32:48.086"></status>
</kw>
<status status="PASS" starttime="20181119 22:32:45.206" endtime="20181119 22:32:48.086"></status>
</kw>
<kw name="Mouse Over" library="SeleniumLibrary">
<doc>Simulates hovering mouse over the element ``locator``.</doc>
<arguments>
<arg>xpath=//a[@id='nav-link-yourAccount']//span[@class='nav-icon nav-arrow']</arg>
</arguments>
<msg timestamp="20181119 22:32:48.088" level="INFO">Simulating Mouse Over on element 'xpath=//a[@id='nav-link-yourAccount']//span[@class='nav-icon nav-arrow']'.</msg>
<status status="PASS" starttime="20181119 22:32:48.087" endtime="20181119 22:32:48.155"></status>
</kw>
<kw name="Sleep" library="BuiltIn">
<doc>Pauses the test executed for the given time.</doc>
<arguments>
<arg>1s</arg>
</arguments>
<msg timestamp="20181119 22:32:49.156" level="INFO">Slept 1 second</msg>
<status status="PASS" starttime="20181119 22:32:48.155" endtime="20181119 22:32:49.157"></status>
</kw>
<kw name="Click Element" library="SeleniumLibrary">
<doc>Click element identified by ``locator``.</doc>
<arguments>
<arg>xpath=//span[contains(text(),'Fermer la session')]</arg>
</arguments>
<msg timestamp="20181119 22:32:49.159" level="INFO">Clicking element 'xpath=//span[contains(text(),'Fermer la session')]'.</msg>
<status status="PASS" starttime="20181119 22:32:49.158" endtime="20181119 22:32:49.988"></status>
</kw>
<status status="PASS" starttime="20181119 22:32:29.838" endtime="20181119 22:32:49.989" critical="yes"></status>
</test>
<kw name="Close Browser" library="SeleniumLibrary" type="teardown">
<doc>Closes the current browser.</doc>
<status status="PASS" starttime="20181119 22:32:49.991" endtime="20181119 22:32:52.349"></status>
</kw>
<status status="PASS" starttime="20181119 22:32:24.556" endtime="20181119 22:32:52.350"></status>
</suite>
<status status="PASS" starttime="20181119 22:32:24.516" endtime="20181119 22:32:52.357"></status>
</suite>
<statistics>
<total>
<stat pass="1" fail="0">Critical Tests</stat>
<stat pass="1" fail="0">All Tests</stat>
</total>
<tag>
</tag>
<suite>
<stat pass="1" fail="0" id="s1" name="Amazon test">Amazon test</stat>
<stat pass="1" fail="0" id="s1-s1" name="Amazon basic">Amazon test.Amazon basic</stat>
</suite>
</statistics>
<errors>
</errors>
</robot>
