<?xml version="1.0" encoding="UTF-8"?>
<robot generator="Robot 3.0.4 (Python 3.6.4 on win32)" generated="20181216 08:00:40.960">
<suite id="s1" name="MyFirstRobot" source="D:\Martin\eclipse-workspace\Eclipse\MyFirstRobot">
<suite id="s1-s1" name="TestSuite1" source="D:\Martin\eclipse-workspace\Eclipse\MyFirstRobot\TestSuite1.robot">
<test id="s1-s1-t1" name="01-Testa">
<kw name="Log To Console" library="BuiltIn">
<doc>Logs the given message to the console.</doc>
<arguments>
<arg>Allo le monde</arg>
</arguments>
<status status="PASS" starttime="20181216 08:00:41.101" endtime="20181216 08:00:41.101"></status>
</kw>
<kw name="Log" library="BuiltIn">
<doc>Logs the given message with the given level.</doc>
<arguments>
<arg>test2</arg>
</arguments>
<msg timestamp="20181216 08:00:41.101" level="INFO">test2</msg>
<status status="PASS" starttime="20181216 08:00:41.101" endtime="20181216 08:00:41.101"></status>
</kw>
<kw name="Test 1" library="Function_Lib">
<msg timestamp="20181216 08:00:41.101" level="FAIL">bad command</msg>
<status status="FAIL" starttime="20181216 08:00:41.101" endtime="20181216 08:00:41.101"></status>
</kw>
<status status="FAIL" starttime="20181216 08:00:41.101" endtime="20181216 08:00:41.101" critical="yes">bad command</status>
</test>
<status status="FAIL" starttime="20181216 08:00:41.070" endtime="20181216 08:00:41.101"></status>
</suite>
<status status="FAIL" starttime="20181216 08:00:41.023" endtime="20181216 08:00:41.101"></status>
</suite>
<statistics>
<total>
<stat pass="0" fail="1">Critical Tests</stat>
<stat pass="0" fail="1">All Tests</stat>
</total>
<tag>
</tag>
<suite>
<stat pass="0" fail="1" id="s1" name="MyFirstRobot">MyFirstRobot</stat>
<stat pass="0" fail="1" id="s1-s1" name="TestSuite1">MyFirstRobot.TestSuite1</stat>
</suite>
</statistics>
<errors>
</errors>
</robot>
