<?xml version="1.0" encoding="UTF-8"?>
<robot generator="Robot 3.0.4 (Python 3.6.4 on win32)" generated="20181103 18:07:34.552">
<suite id="s1" name="MyFirstRobot" source="D:\Martin\eclipse-workspace\MyFirstRobot">
<suite id="s1-s1" name="TestSuite1" source="D:\Martin\eclipse-workspace\MyFirstRobot\TestSuite1.robot">
<test id="s1-s1-t1" name="Test1">
<kw name="Log To Console" library="BuiltIn">
<doc>Logs the given message to the console.</doc>
<arguments>
<arg>Allo le monde</arg>
</arguments>
<status status="PASS" starttime="20181103 18:07:34.670" endtime="20181103 18:07:34.671"></status>
</kw>
<kw name="Log" library="BuiltIn">
<doc>Logs the given message with the given level.</doc>
<arguments>
<arg>test2</arg>
</arguments>
<msg timestamp="20181103 18:07:34.672" level="INFO">test2</msg>
<status status="PASS" starttime="20181103 18:07:34.672" endtime="20181103 18:07:34.673"></status>
</kw>
<kw name="Calcule" library="mylib">
<arguments>
<arg>${10}</arg>
<arg>${5}</arg>
</arguments>
<assign>
<var>${result}</var>
</assign>
<msg timestamp="20181103 18:07:34.674" level="INFO">${result} = 15</msg>
<status status="PASS" starttime="20181103 18:07:34.673" endtime="20181103 18:07:34.674"></status>
</kw>
<kw name="Log To Console" library="BuiltIn">
<doc>Logs the given message to the console.</doc>
<arguments>
<arg>${result}</arg>
</arguments>
<status status="PASS" starttime="20181103 18:07:34.674" endtime="20181103 18:07:34.675"></status>
</kw>
<status status="PASS" starttime="20181103 18:07:34.668" endtime="20181103 18:07:34.675" critical="yes"></status>
</test>
<status status="PASS" starttime="20181103 18:07:34.653" endtime="20181103 18:07:34.676"></status>
</suite>
<status status="PASS" starttime="20181103 18:07:34.614" endtime="20181103 18:07:34.678"></status>
</suite>
<statistics>
<total>
<stat pass="1" fail="0">Critical Tests</stat>
<stat pass="1" fail="0">All Tests</stat>
</total>
<tag>
</tag>
<suite>
<stat pass="1" fail="0" id="s1" name="MyFirstRobot">MyFirstRobot</stat>
<stat pass="1" fail="0" id="s1-s1" name="TestSuite1">MyFirstRobot.TestSuite1</stat>
</suite>
</statistics>
<errors>
</errors>
</robot>
